\BOOKMARK [1][-]{section.1}{\376\377\000I\000n\000t\000r\000o\000d\000u\000c\000t\000i\000o\000n}{}% 1
\BOOKMARK [1][-]{section.2}{\376\377\000D\000e\000s\000i\000g\000n\000\040\000a\000n\000d\000\040\000I\000m\000p\000l\000e\000m\000e\000n\000t\000a\000t\000i\000o\000n}{}% 2
\BOOKMARK [2][-]{subsection.2.1}{\376\377\000P\000r\000o\000j\000e\000c\000t\000\040\000S\000t\000r\000u\000c\000t\000u\000r\000e\000\040\000a\000n\000d\000\040\000E\000n\000t\000r\000y\000\040\000P\000o\000i\000n\000t\000s}{section.2}% 3
\BOOKMARK [2][-]{subsection.2.2}{\376\377\000M\000o\000d\000e\000l\000\040\000A\000r\000c\000h\000i\000t\000e\000c\000t\000u\000r\000e\000:\000\040\000D\000e\000e\000p\000L\000a\000b\000V\0003\000+}{section.2}% 4
\BOOKMARK [2][-]{subsection.2.3}{\376\377\000D\000a\000t\000a\000\040\000L\000o\000a\000d\000i\000n\000g\000\040\000a\000n\000d\000\040\000L\000a\000b\000e\000l\000\040\000M\000a\000p\000p\000i\000n\000g}{section.2}% 5
\BOOKMARK [2][-]{subsection.2.4}{\376\377\000D\000a\000t\000a\000\040\000A\000u\000g\000m\000e\000n\000t\000a\000t\000i\000o\000n\000\040\000a\000n\000d\000\040\000P\000r\000e\000p\000r\000o\000c\000e\000s\000s\000i\000n\000g}{section.2}% 6
\BOOKMARK [2][-]{subsection.2.5}{\376\377\000L\000o\000s\000s\000\040\000F\000u\000n\000c\000t\000i\000o\000n\000\040\000a\000n\000d\000\040\000O\000p\000t\000i\000m\000i\000z\000a\000t\000i\000o\000n}{section.2}% 7
\BOOKMARK [2][-]{subsection.2.6}{\376\377\000L\000e\000a\000r\000n\000i\000n\000g\000\040\000R\000a\000t\000e\000\040\000S\000c\000h\000e\000d\000u\000l\000i\000n\000g\000:\000\040\000C\000o\000s\000i\000n\000e\000\040\000A\000n\000n\000e\000a\000l\000i\000n\000g}{section.2}% 8
\BOOKMARK [2][-]{subsection.2.7}{\376\377\000T\000r\000a\000i\000n\000i\000n\000g\000\040\000C\000o\000n\000f\000i\000g\000u\000r\000a\000t\000i\000o\000n\000\040\000v\000i\000a\000\040\000C\000o\000m\000m\000a\000n\000d\000\040\000L\000i\000n\000e}{section.2}% 9
\BOOKMARK [2][-]{subsection.2.8}{\376\377\000H\000a\000r\000d\000w\000a\000r\000e\000\040\000a\000n\000d\000\040\000E\000x\000e\000c\000u\000t\000i\000o\000n\000\040\000E\000n\000v\000i\000r\000o\000n\000m\000e\000n\000t}{section.2}% 10
\BOOKMARK [2][-]{subsection.2.9}{\376\377\000C\000h\000e\000c\000k\000p\000o\000i\000n\000t\000i\000n\000g\000\040\000a\000n\000d\000\040\000R\000o\000b\000u\000s\000t\000\040\000R\000e\000s\000u\000m\000e}{section.2}% 11
\BOOKMARK [2][-]{subsection.2.10}{\376\377\000E\000v\000a\000l\000u\000a\000t\000i\000o\000n\000\040\000a\000n\000d\000\040\000C\000i\000t\000y\000s\000c\000a\000p\000e\000s\000\040\000S\000u\000b\000m\000i\000s\000s\000i\000o\000n}{section.2}% 12
\BOOKMARK [1][-]{section.3}{\376\377\000R\000e\000s\000u\000l\000t\000s}{}% 13
\BOOKMARK [2][-]{subsection.3.1}{\376\377\000C\000h\000e\000c\000k\000p\000o\000i\000n\000t\000\040\000M\000e\000t\000r\000i\000c\000s\000\040\000\050\000E\000p\000o\000c\000h\000\040\0001\040\023\0002\0005\000\051}{section.3}% 14
\BOOKMARK [2][-]{subsection.3.2}{\376\377\000P\000e\000r\000f\000o\000r\000m\000a\000n\000c\000e\000\040\000E\000v\000o\000l\000u\000t\000i\000o\000n}{section.3}% 15
\BOOKMARK [1][-]{section.4}{\376\377\000T\000e\000s\000t\000i\000n\000g\000\040\000a\000n\000d\000\040\000V\000a\000l\000i\000d\000a\000t\000i\000o\000n}{}% 16
\BOOKMARK [1][-]{section.5}{\376\377\000U\000s\000e\000r\000\040\000G\000u\000i\000d\000e}{}% 17
\BOOKMARK [2][-]{subsection.5.1}{\376\377\000T\000r\000a\000i\000n\000i\000n\000g}{section.5}% 18
\BOOKMARK [2][-]{subsection.5.2}{\376\377\000E\000v\000a\000l\000u\000a\000t\000i\000o\000n}{section.5}% 19
\BOOKMARK [2][-]{subsection.5.3}{\376\377\000G\000e\000n\000e\000r\000a\000t\000i\000n\000g\000\040\000C\000i\000t\000y\000s\000c\000a\000p\000e\000s\000-\000F\000o\000r\000m\000a\000t\000\040\000P\000r\000e\000d\000i\000c\000t\000i\000o\000n\000s\000\040\000\050\000S\000u\000b\000m\000i\000s\000s\000i\000o\000n\000\051}{section.5}% 20
\BOOKMARK [2][-]{subsection.5.4}{\376\377\000Q\000u\000a\000l\000i\000t\000a\000t\000i\000v\000e\000\040\000V\000i\000s\000u\000a\000l\000i\000z\000a\000t\000i\000o\000n\000s\000\040\000\050\000O\000v\000e\000r\000l\000a\000y\000\040\000E\000x\000a\000m\000p\000l\000e\000s\000\051}{section.5}% 21
\BOOKMARK [1][-]{section.6}{\376\377\000C\000o\000n\000c\000l\000u\000s\000i\000o\000n}{}% 22
\BOOKMARK [1][-]{section.7}{\376\377\000O\000p\000e\000n\000\040\000S\000o\000u\000r\000c\000e\000\040\000A\000v\000a\000i\000l\000a\000b\000i\000l\000i\000t\000y}{}% 23
\BOOKMARK [1][-]{section*.3}{\376\377\000R\000e\000f\000e\000r\000e\000n\000c\000e\000s}{}% 24
\BOOKMARK [1][-]{section*.4}{\376\377\000A\000p\000p\000e\000n\000d\000i\000x}{}% 25
